<?xml version="1.0" encoding="UTF-8"?>
<!-- Generated by org.testng.reporters.JUnitXMLReporter -->
<testsuite ignored="0" hostname="Rithesh" failures="0" tests="8" name="Test" time="0.089" errors="0" timestamp="2025-03-21T14:40:15 IST">
  <testcase classname="LearningBatchExecution.FirstYear" name="m1" time="0.011"/>
  <testcase classname="LearningBatchExecution.FirstYear" name="m2" time="0.001"/>
  <testcase classname="LearningBatchExecution.SecondYear" name="m3" time="0.002"/>
  <testcase classname="LearningBatchExecution.SecondYear" name="m4" time="0.002"/>
  <testcase classname="LearningBatchExecution.ThirdYear" name="m5" time="0.002"/>
  <testcase classname="LearningBatchExecution.ThirdYear" name="m6" time="0.001"/>
  <testcase classname="LearningBatchExecution.FourthYear" name="m7" time="0.001"/>
  <testcase classname="LearningBatchExecution.FourthYear" name="m8" time="0.001"/>
</testsuite> <!-- Test -->
